<?xml version="1.0" encoding="UTF-8"?>
<!-- Generated by org.testng.reporters.JUnitReportReporter -->
<testsuite hostname="DESKTOP-0FNJT7K" failures="0" tests="4" name="tests.SanityBuyProduct" time="35.568" errors="0" timestamp="2021-03-02T20:55:03 IST" skipped="0">
  <testcase classname="tests.SanityBuyProduct" name="searchProduct" time="15.353"/>
  <system-out/>
  <testcase classname="tests.SanityBuyProduct" name="getIntoProduct" time="10.208"/>
  <system-out/>
  <testcase classname="tests.SanityBuyProduct" name="EditProduct" time="1.733"/>
  <system-out/>
  <testcase classname="tests.SanityBuyProduct" name="AddtoCart" time="8.274"/>
  <system-out/>
</testsuite> <!-- tests.SanityBuyProduct -->
